<?xml version="1.0" encoding="UTF-8"?>
<!-- Generated by org.testng.reporters.JUnitReportReporter -->
<testsuite hostname="dimadd" failures="0" tests="3" name="test.AVTest" time="54.319" errors="0" timestamp="2023-12-05T03:56:13 MSK" skipped="0">
  <testcase classname="test.AVTest" name="CheckMostExpensiveE39" time="18.032"/>
  <system-out/>
  <testcase classname="test.AVTest" name="authTestCase" time="14.063"/>
  <system-out/>
  <testcase classname="test.AVTest" name="filterExpensiveBMWs" time="22.224"/>
  <system-out/>
</testsuite> <!-- test.AVTest -->
